# JRE version: Java(TM) SE Runtime Environment (8.0_181-b13) (build 1.8.0_181-b13)
# Java VM: Java HotSpot(TM) 64-Bit Server VM (25.181-b13 mixed mode windows-amd64 compressed oops)
Heap:
 PSYoungGen      total 374272K, used 26367K [0x00000000d5c00000, 0x00000000f4f80000, 0x0000000100000000)
  eden space 352768K, 7% used [0x00000000d5c00000,0x00000000d75bfe48,0x00000000eb480000)
  from space 21504K, 0% used [0x00000000eb480000,0x00000000eb480000,0x00000000ec980000)
  to   space 20480K, 0% used [0x00000000f3b80000,0x00000000f3b80000,0x00000000f4f80000)
 ParOldGen       total 101888K, used 30919K [0x0000000081400000, 0x0000000087780000, 0x00000000d5c00000)
  object space 101888K, 30% used [0x0000000081400000,0x0000000083231eb8,0x0000000087780000)
 Metaspace       used 59975K, capacity 62860K, committed 63056K, reserved 1103872K
  class space    used 8284K, capacity 8781K, committed 8832K, reserved 1048576K
GC Heap History (10 events):
Event: 5.081 GC heap before
{Heap before GC invocations=10 (full 1):
 PSYoungGen      total 253952K, used 95974K [0x00000000d5c00000, 0x00000000e6600000, 0x0000000100000000)
  eden space 244224K, 35% used [0x00000000d5c00000,0x00000000db03d3d0,0x00000000e4a80000)
  from space 9728K, 99% used [0x00000000e5800000,0x00000000e617c4d0,0x00000000e6180000)
  to   space 13824K, 0% used [0x00000000e4a80000,0x00000000e4a80000,0x00000000e5800000)
 ParOldGen       total 46592K, used 12567K [0x0000000081400000, 0x0000000084180000, 0x00000000d5c00000)
  object space 46592K, 26% used [0x0000000081400000,0x0000000082045d88,0x0000000084180000)
 Metaspace       used 34189K, capacity 35904K, committed 36048K, reserved 1081344K
  class space    used 4650K, capacity 5006K, committed 5120K, reserved 1048576K
Event: 5.095 GC heap after
Heap after GC invocations=10 (full 1):
 PSYoungGen      total 258048K, used 13813K [0x00000000d5c00000, 0x00000000ede80000, 0x0000000100000000)
  eden space 244224K, 0% used [0x00000000d5c00000,0x00000000d5c00000,0x00000000e4a80000)
  from space 13824K, 99% used [0x00000000e4a80000,0x00000000e57fd4a0,0x00000000e5800000)
  to   space 15872K, 0% used [0x00000000ecf00000,0x00000000ecf00000,0x00000000ede80000)
 ParOldGen       total 46592K, used 12821K [0x0000000081400000, 0x0000000084180000, 0x00000000d5c00000)
  object space 46592K, 27% used [0x0000000081400000,0x0000000082085598,0x0000000084180000)
 Metaspace       used 34189K, capacity 35904K, committed 36048K, reserved 1081344K
  class space    used 4650K, capacity 5006K, committed 5120K, reserved 1048576K
}
Event: 5.095 GC heap before
{Heap before GC invocations=11 (full 2):
 PSYoungGen      total 258048K, used 13813K [0x00000000d5c00000, 0x00000000ede80000, 0x0000000100000000)
  eden space 244224K, 0% used [0x00000000d5c00000,0x00000000d5c00000,0x00000000e4a80000)
  from space 13824K, 99% used [0x00000000e4a80000,0x00000000e57fd4a0,0x00000000e5800000)
  to   space 15872K, 0% used [0x00000000ecf00000,0x00000000ecf00000,0x00000000ede80000)
 ParOldGen       total 46592K, used 12821K [0x0000000081400000, 0x0000000084180000, 0x00000000d5c00000)
  object space 46592K, 27% used [0x0000000081400000,0x0000000082085598,0x0000000084180000)
 Metaspace       used 34189K, capacity 35904K, committed 36048K, reserved 1081344K
  class space    used 4650K, capacity 5006K, committed 5120K, reserved 1048576K
Event: 5.160 GC heap after
Heap after GC invocations=11 (full 2):
 PSYoungGen      total 258048K, used 0K [0x00000000d5c00000, 0x00000000ede80000, 0x0000000100000000)
  eden space 244224K, 0% used [0x00000000d5c00000,0x00000000d5c00000,0x00000000e4a80000)
  from space 13824K, 0% used [0x00000000e4a80000,0x00000000e4a80000,0x00000000e5800000)
  to   space 15872K, 0% used [0x00000000ecf00000,0x00000000ecf00000,0x00000000ede80000)
 ParOldGen       total 75264K, used 21460K [0x0000000081400000, 0x0000000085d80000, 0x00000000d5c00000)
  object space 75264K, 28% used [0x0000000081400000,0x00000000828f5278,0x0000000085d80000)
 Metaspace       used 34189K, capacity 35904K, committed 36048K, reserved 1081344K
  class space    used 4650K, capacity 5006K, committed 5120K, reserved 1048576K
}
Event: 7.166 GC heap before
{Heap before GC invocations=12 (full 2):
 PSYoungGen      total 258048K, used 244224K [0x00000000d5c00000, 0x00000000ede80000, 0x0000000100000000)
  eden space 244224K, 100% used [0x00000000d5c00000,0x00000000e4a80000,0x00000000e4a80000)
  from space 13824K, 0% used [0x00000000e4a80000,0x00000000e4a80000,0x00000000e5800000)
  to   space 15872K, 0% used [0x00000000ecf00000,0x00000000ecf00000,0x00000000ede80000)
 ParOldGen       total 75264K, used 21460K [0x0000000081400000, 0x0000000085d80000, 0x00000000d5c00000)
  object space 75264K, 28% used [0x0000000081400000,0x00000000828f5278,0x0000000085d80000)
 Metaspace       used 53191K, capacity 55748K, committed 55888K, reserved 1097728K
  class space    used 7515K, capacity 7977K, committed 8064K, reserved 1048576K
Event: 7.191 GC heap after
Heap after GC invocations=12 (full 2):
 PSYoungGen      total 358912K, used 15869K [0x00000000d5c00000, 0x00000000ede80000, 0x0000000100000000)
  eden space 343040K, 0% used [0x00000000d5c00000,0x00000000d5c00000,0x00000000eab00000)
  from space 15872K, 99% used [0x00000000ecf00000,0x00000000ede7f690,0x00000000ede80000)
  to   space 21504K, 0% used [0x00000000eb480000,0x00000000eb480000,0x00000000ec980000)
 ParOldGen       total 75264K, used 30099K [0x0000000081400000, 0x0000000085d80000, 0x00000000d5c00000)
  object space 75264K, 39% used [0x0000000081400000,0x0000000083164d20,0x0000000085d80000)
 Metaspace       used 53191K, capacity 55748K, committed 55888K, reserved 1097728K
  class space    used 7515K, capacity 7977K, committed 8064K, reserved 1048576K
}
Event: 9.648 GC heap before
{Heap before GC invocations=13 (full 2):
 PSYoungGen      total 358912K, used 142111K [0x00000000d5c00000, 0x00000000ede80000, 0x0000000100000000)
  eden space 343040K, 36% used [0x00000000d5c00000,0x00000000dd7485f8,0x00000000eab00000)
  from space 15872K, 99% used [0x00000000ecf00000,0x00000000ede7f690,0x00000000ede80000)
  to   space 21504K, 0% used [0x00000000eb480000,0x00000000eb480000,0x00000000ec980000)
 ParOldGen       total 75264K, used 30099K [0x0000000081400000, 0x0000000085d80000, 0x00000000d5c00000)
  object space 75264K, 39% used [0x0000000081400000,0x0000000083164d20,0x0000000085d80000)
 Metaspace       used 57171K, capacity 60036K, committed 60080K, reserved 1101824K
  class space    used 8053K, capacity 8561K, committed 8576K, reserved 1048576K
Event: 9.665 GC heap after
Heap after GC invocations=13 (full 2):
 PSYoungGen      total 374272K, used 6606K [0x00000000d5c00000, 0x00000000f4f80000, 0x0000000100000000)
  eden space 352768K, 0% used [0x00000000d5c00000,0x00000000d5c00000,0x00000000eb480000)
  from space 21504K, 30% used [0x00000000eb480000,0x00000000ebaf3af8,0x00000000ec980000)
  to   space 20480K, 0% used [0x00000000f3b80000,0x00000000f3b80000,0x00000000f4f80000)
 ParOldGen       total 75264K, used 38447K [0x0000000081400000, 0x0000000085d80000, 0x00000000d5c00000)
  object space 75264K, 51% used [0x0000000081400000,0x000000008398be00,0x0000000085d80000)
 Metaspace       used 57171K, capacity 60036K, committed 60080K, reserved 1101824K
  class space    used 8053K, capacity 8561K, committed 8576K, reserved 1048576K
}
Event: 9.665 GC heap before
{Heap before GC invocations=14 (full 3):
 PSYoungGen      total 374272K, used 6606K [0x00000000d5c00000, 0x00000000f4f80000, 0x0000000100000000)
  eden space 352768K, 0% used [0x00000000d5c00000,0x00000000d5c00000,0x00000000eb480000)
  from space 21504K, 30% used [0x00000000eb480000,0x00000000ebaf3af8,0x00000000ec980000)
  to   space 20480K, 0% used [0x00000000f3b80000,0x00000000f3b80000,0x00000000f4f80000)
 ParOldGen       total 75264K, used 38447K [0x0000000081400000, 0x0000000085d80000, 0x00000000d5c00000)
  object space 75264K, 51% used [0x0000000081400000,0x000000008398be00,0x0000000085d80000)
 Metaspace       used 57171K, capacity 60036K, committed 60080K, reserved 1101824K
  class space    used 8053K, capacity 8561K, committed 8576K, reserved 1048576K
Event: 9.853 GC heap after
Heap after GC invocations=14 (full 3):
 PSYoungGen      total 374272K, used 0K [0x00000000d5c00000, 0x00000000f4f80000, 0x0000000100000000)
  eden space 352768K, 0% used [0x00000000d5c00000,0x00000000d5c00000,0x00000000eb480000)
  from space 21504K, 0% used [0x00000000eb480000,0x00000000eb480000,0x00000000ec980000)
  to   space 20480K, 0% used [0x00000000f3b80000,0x00000000f3b80000,0x00000000f4f80000)
 ParOldGen       total 101888K, used 30919K [0x0000000081400000, 0x0000000087780000, 0x00000000d5c00000)
  object space 101888K, 30% used [0x0000000081400000,0x0000000083231eb8,0x0000000087780000)
 Metaspace       used 57156K, capacity 60012K, committed 60080K, reserved 1101824K
  class space    used 8050K, capacity 8557K, committed 8576K, reserved 1048576K
}

