# JRE version: Java(TM) SE Runtime Environment (8.0_181-b13) (build 1.8.0_181-b13)
# Java VM: Java HotSpot(TM) 64-Bit Server VM (25.181-b13 mixed mode windows-amd64 compressed oops)
Heap:
 PSYoungGen      total 384512K, used 268534K [0x00000000d5c00000, 0x00000000f2800000, 0x0000000100000000)
  eden space 366080K, 73% used [0x00000000d5c00000,0x00000000e623d9f0,0x00000000ec180000)
  from space 18432K, 0% used [0x00000000ec180000,0x00000000ec180000,0x00000000ed380000)
  to   space 19456K, 0% used [0x00000000f1500000,0x00000000f1500000,0x00000000f2800000)
 ParOldGen       total 122880K, used 32826K [0x0000000081400000, 0x0000000088c00000, 0x00000000d5c00000)
  object space 122880K, 26% used [0x0000000081400000,0x000000008340e9a0,0x0000000088c00000)
 Metaspace       used 71515K, capacity 75064K, committed 75224K, reserved 1114112K
  class space    used 9549K, capacity 10180K, committed 10240K, reserved 1048576K
GC Heap History (10 events):
Event: 397.559 GC heap before
{Heap before GC invocations=20 (full 5):
 PSYoungGen      total 384000K, used 366080K [0x00000000d5c00000, 0x00000000ee580000, 0x0000000100000000)
  eden space 366080K, 100% used [0x00000000d5c00000,0x00000000ec180000,0x00000000ec180000)
  from space 17920K, 0% used [0x00000000ed400000,0x00000000ed400000,0x00000000ee580000)
  to   space 18432K, 0% used [0x00000000ec180000,0x00000000ec180000,0x00000000ed380000)
 ParOldGen       total 122880K, used 27714K [0x0000000081400000, 0x0000000088c00000, 0x00000000d5c00000)
  object space 122880K, 22% used [0x0000000081400000,0x0000000082f108e0,0x0000000088c00000)
 Metaspace       used 70707K, capacity 74072K, committed 74328K, reserved 1114112K
  class space    used 9458K, capacity 10050K, committed 10112K, reserved 1048576K
Event: 397.577 GC heap after
Heap after GC invocations=20 (full 5):
 PSYoungGen      total 384512K, used 17315K [0x00000000d5c00000, 0x00000000ee580000, 0x0000000100000000)
  eden space 366080K, 0% used [0x00000000d5c00000,0x00000000d5c00000,0x00000000ec180000)
  from space 18432K, 93% used [0x00000000ec180000,0x00000000ed268c68,0x00000000ed380000)
  to   space 17920K, 0% used [0x00000000ed400000,0x00000000ed400000,0x00000000ee580000)
 ParOldGen       total 122880K, used 27738K [0x0000000081400000, 0x0000000088c00000, 0x00000000d5c00000)
  object space 122880K, 22% used [0x0000000081400000,0x0000000082f168e0,0x0000000088c00000)
 Metaspace       used 70707K, capacity 74072K, committed 74328K, reserved 1114112K
  class space    used 9458K, capacity 10050K, committed 10112K, reserved 1048576K
}
Event: 402.457 GC heap before
{Heap before GC invocations=21 (full 5):
 PSYoungGen      total 384512K, used 27954K [0x00000000d5c00000, 0x00000000ee580000, 0x0000000100000000)
  eden space 366080K, 2% used [0x00000000d5c00000,0x00000000d6663e48,0x00000000ec180000)
  from space 18432K, 93% used [0x00000000ec180000,0x00000000ed268c68,0x00000000ed380000)
  to   space 17920K, 0% used [0x00000000ed400000,0x00000000ed400000,0x00000000ee580000)
 ParOldGen       total 122880K, used 27738K [0x0000000081400000, 0x0000000088c00000, 0x00000000d5c00000)
  object space 122880K, 22% used [0x0000000081400000,0x0000000082f168e0,0x0000000088c00000)
 Metaspace       used 70712K, capacity 74078K, committed 74328K, reserved 1114112K
  class space    used 9458K, capacity 10052K, committed 10112K, reserved 1048576K
Event: 402.464 GC heap after
Heap after GC invocations=21 (full 5):
 PSYoungGen      total 384000K, used 7753K [0x00000000d5c00000, 0x00000000ee580000, 0x0000000100000000)
  eden space 366080K, 0% used [0x00000000d5c00000,0x00000000d5c00000,0x00000000ec180000)
  from space 17920K, 43% used [0x00000000ed400000,0x00000000edb92718,0x00000000ee580000)
  to   space 18432K, 0% used [0x00000000ec180000,0x00000000ec180000,0x00000000ed380000)
 ParOldGen       total 122880K, used 27746K [0x0000000081400000, 0x0000000088c00000, 0x00000000d5c00000)
  object space 122880K, 22% used [0x0000000081400000,0x0000000082f188e0,0x0000000088c00000)
 Metaspace       used 70712K, capacity 74078K, committed 74328K, reserved 1114112K
  class space    used 9458K, capacity 10052K, committed 10112K, reserved 1048576K
}
Event: 402.464 GC heap before
{Heap before GC invocations=22 (full 6):
 PSYoungGen      total 384000K, used 7753K [0x00000000d5c00000, 0x00000000ee580000, 0x0000000100000000)
  eden space 366080K, 0% used [0x00000000d5c00000,0x00000000d5c00000,0x00000000ec180000)
  from space 17920K, 43% used [0x00000000ed400000,0x00000000edb92718,0x00000000ee580000)
  to   space 18432K, 0% used [0x00000000ec180000,0x00000000ec180000,0x00000000ed380000)
 ParOldGen       total 122880K, used 27746K [0x0000000081400000, 0x0000000088c00000, 0x00000000d5c00000)
  object space 122880K, 22% used [0x0000000081400000,0x0000000082f188e0,0x0000000088c00000)
 Metaspace       used 70712K, capacity 74078K, committed 74328K, reserved 1114112K
  class space    used 9458K, capacity 10052K, committed 10112K, reserved 1048576K
Event: 402.733 GC heap after
Heap after GC invocations=22 (full 6):
 PSYoungGen      total 384000K, used 0K [0x00000000d5c00000, 0x00000000ee580000, 0x0000000100000000)
  eden space 366080K, 0% used [0x00000000d5c00000,0x00000000d5c00000,0x00000000ec180000)
  from space 17920K, 0% used [0x00000000ed400000,0x00000000ed400000,0x00000000ee580000)
  to   space 18432K, 0% used [0x00000000ec180000,0x00000000ec180000,0x00000000ed380000)
 ParOldGen       total 122880K, used 30287K [0x0000000081400000, 0x0000000088c00000, 0x00000000d5c00000)
  object space 122880K, 24% used [0x0000000081400000,0x0000000083193dc0,0x0000000088c00000)
 Metaspace       used 70663K, capacity 73964K, committed 74328K, reserved 1114112K
  class space    used 9454K, capacity 10042K, committed 10112K, reserved 1048576K
}
Event: 493.702 GC heap before
{Heap before GC invocations=23 (full 6):
 PSYoungGen      total 384000K, used 324755K [0x00000000d5c00000, 0x00000000ee580000, 0x0000000100000000)
  eden space 366080K, 88% used [0x00000000d5c00000,0x00000000e9924c68,0x00000000ec180000)
  from space 17920K, 0% used [0x00000000ed400000,0x00000000ed400000,0x00000000ee580000)
  to   space 18432K, 0% used [0x00000000ec180000,0x00000000ec180000,0x00000000ed380000)
 ParOldGen       total 122880K, used 30287K [0x0000000081400000, 0x0000000088c00000, 0x00000000d5c00000)
  object space 122880K, 24% used [0x0000000081400000,0x0000000083193dc0,0x0000000088c00000)
 Metaspace       used 71233K, capacity 74818K, committed 74968K, reserved 1114112K
  class space    used 9520K, capacity 10142K, committed 10240K, reserved 1048576K
Event: 493.710 GC heap after
Heap after GC invocations=23 (full 6):
 PSYoungGen      total 384512K, used 7750K [0x00000000d5c00000, 0x00000000f2800000, 0x0000000100000000)
  eden space 366080K, 0% used [0x00000000d5c00000,0x00000000d5c00000,0x00000000ec180000)
  from space 18432K, 42% used [0x00000000ec180000,0x00000000ec911aa0,0x00000000ed380000)
  to   space 19456K, 0% used [0x00000000f1500000,0x00000000f1500000,0x00000000f2800000)
 ParOldGen       total 122880K, used 30295K [0x0000000081400000, 0x0000000088c00000, 0x00000000d5c00000)
  object space 122880K, 24% used [0x0000000081400000,0x0000000083195dc0,0x0000000088c00000)
 Metaspace       used 71233K, capacity 74818K, committed 74968K, reserved 1114112K
  class space    used 9520K, capacity 10142K, committed 10240K, reserved 1048576K
}
Event: 493.710 GC heap before
{Heap before GC invocations=24 (full 7):
 PSYoungGen      total 384512K, used 7750K [0x00000000d5c00000, 0x00000000f2800000, 0x0000000100000000)
  eden space 366080K, 0% used [0x00000000d5c00000,0x00000000d5c00000,0x00000000ec180000)
  from space 18432K, 42% used [0x00000000ec180000,0x00000000ec911aa0,0x00000000ed380000)
  to   space 19456K, 0% used [0x00000000f1500000,0x00000000f1500000,0x00000000f2800000)
 ParOldGen       total 122880K, used 30295K [0x0000000081400000, 0x0000000088c00000, 0x00000000d5c00000)
  object space 122880K, 24% used [0x0000000081400000,0x0000000083195dc0,0x0000000088c00000)
 Metaspace       used 71233K, capacity 74818K, committed 74968K, reserved 1114112K
  class space    used 9520K, capacity 10142K, committed 10240K, reserved 1048576K
Event: 493.951 GC heap after
Heap after GC invocations=24 (full 7):
 PSYoungGen      total 384512K, used 0K [0x00000000d5c00000, 0x00000000f2800000, 0x0000000100000000)
  eden space 366080K, 0% used [0x00000000d5c00000,0x00000000d5c00000,0x00000000ec180000)
  from space 18432K, 0% used [0x00000000ec180000,0x00000000ec180000,0x00000000ed380000)
  to   space 19456K, 0% used [0x00000000f1500000,0x00000000f1500000,0x00000000f2800000)
 ParOldGen       total 122880K, used 32826K [0x0000000081400000, 0x0000000088c00000, 0x00000000d5c00000)
  object space 122880K, 26% used [0x0000000081400000,0x000000008340e9a0,0x0000000088c00000)
 Metaspace       used 71185K, capacity 74704K, committed 74968K, reserved 1114112K
  class space    used 9516K, capacity 10132K, committed 10240K, reserved 1048576K
}

